#
# There is insufficient memory for the Java Runtime Environment to continue.
# Native memory allocation (malloc) failed to allocate 509616 bytes for Chunk::new
# Possible reasons:
#   The system is out of physical RAM or swap space
#   The process is running with CompressedOops enabled, and the Java Heap may be blocking the growth of the native heap
# Possible solutions:
#   Reduce memory load on the system
#   Increase physical memory or swap space
#   Check if swap backing store is full
#   Decrease Java heap size (-Xmx/-Xms)
#   Decrease number of Java threads
#   Decrease Java thread stack sizes (-Xss)
#   Set larger code cache with -XX:ReservedCodeCacheSize=
#   JVM is running with Unscaled Compressed Oops mode in which the Java heap is
#     placed in the first 4GB address space. The Java Heap base address is the
#     maximum limit for the native heap growth. Please use -XX:HeapBaseMinAddress
#     to set the Java Heap base and to place the Java Heap above 4GB virtual address.
# This output file may be truncated or incomplete.
#
#  Out of Memory Error (./open/src/hotspot/share/memory/arena.cpp:197), pid=84588, tid=2912
#
# JRE version: Java(TM) SE Runtime Environment 18.9 (11.0.16+11) (build 11.0.16+11-LTS-199)
# Java VM: Java HotSpot(TM) 64-Bit Server VM 18.9 (11.0.16+11-LTS-199, mixed mode, tiered, compressed oops, g1 gc, windows-amd64)
# No core dump will be written. Minidumps are not enabled by default on client versions of Windows
#

---------------  S U M M A R Y ------------

Command Line: -Dclassworlds.conf=C:\Users\sfjbs\Downloads\micro service-20221125T023524Z-001\micro service\apache-maven-3.8.5-bin\apache-maven-3.8.5\bin\m2.conf -Dmaven.home=C:\Users\sfjbs\Downloads\micro service-20221125T023524Z-001\micro service\apache-maven-3.8.5-bin\apache-maven-3.8.5 -Dlibrary.jansi.path=C:\Users\sfjbs\Downloads\micro service-20221125T023524Z-001\micro service\apache-maven-3.8.5-bin\apache-maven-3.8.5\lib\jansi-native -Dmaven.multiModuleProjectDirectory=C:\Users\sfjbs\Netaji\Day4\spring-boot-app org.codehaus.plexus.classworlds.launcher.Launcher install

Host: Intel(R) Xeon(R) Platinum 8272CL CPU @ 2.60GHz, 2 cores, 7G,  Windows 10 , 64 bit Build 19041 (10.0.19041.2251)
Time: Mon Dec  5 06:58:05 2022 Coordinated Universal Time elapsed time: 9.032522 seconds (0d 0h 0m 9s)

---------------  T H R E A D  ---------------

Current thread (0x00000249fff04000):  JavaThread "C2 CompilerThread0" daemon [_thread_in_native, id=2912, stack(0x00000089f9200000,0x00000089f9300000)]


Current CompileTask:
C2:   9032 4670   !   4       com.sun.tools.javac.jvm.ClassReader::classSigToType (498 bytes)

Stack: [0x00000089f9200000,0x00000089f9300000]
Native frames: (J=compiled Java code, j=interpreted, Vv=VM code, C=native code)
V  [jvm.dll+0x62a3ea]
V  [jvm.dll+0x76418f]
V  [jvm.dll+0x765839]
V  [jvm.dll+0x765ec3]
V  [jvm.dll+0x23da98]
V  [jvm.dll+0xb2a1c]
V  [jvm.dll+0xb2fdc]
V  [jvm.dll+0x341487]
V  [jvm.dll+0x30ec83]
V  [jvm.dll+0x30dfca]
V  [jvm.dll+0x1f84a5]
V  [jvm.dll+0x1f768d]
V  [jvm.dll+0x177c81]
V  [jvm.dll+0x207006]
V  [jvm.dll+0x20519b]
V  [jvm.dll+0x729fa0]
V  [jvm.dll+0x722b74]
V  [jvm.dll+0x629286]
C  [ucrtbase.dll+0x21bb2]
C  [KERNEL32.DLL+0x174b4]
C  [ntdll.dll+0x526a1]


---------------  P R O C E S S  ---------------

Threads class SMR info:
_java_thread_list=0x0000024980a4d520, length=10, elements={
0x00000249e2405800, 0x00000249ffeed000, 0x00000249ffee4000, 0x00000249ffef9800,
0x00000249ffefc000, 0x00000249ffefe000, 0x00000249fff04000, 0x00000249fff09800,
0x00000249fff0b800, 0x0000024980a97800
}

Java Threads: ( => current thread )
  0x00000249e2405800 JavaThread "main" [_thread_in_Java, id=58736, stack(0x00000089f8600000,0x00000089f8700000)]
  0x00000249ffeed000 JavaThread "Reference Handler" daemon [_thread_blocked, id=74556, stack(0x00000089f8d00000,0x00000089f8e00000)]
  0x00000249ffee4000 JavaThread "Finalizer" daemon [_thread_blocked, id=72912, stack(0x00000089f8e00000,0x00000089f8f00000)]
  0x00000249ffef9800 JavaThread "Signal Dispatcher" daemon [_thread_blocked, id=83312, stack(0x00000089f8f00000,0x00000089f9000000)]
  0x00000249ffefc000 JavaThread "Attach Listener" daemon [_thread_blocked, id=79672, stack(0x00000089f9000000,0x00000089f9100000)]
  0x00000249ffefe000 JavaThread "Service Thread" daemon [_thread_blocked, id=81616, stack(0x00000089f9100000,0x00000089f9200000)]
=>0x00000249fff04000 JavaThread "C2 CompilerThread0" daemon [_thread_in_native, id=2912, stack(0x00000089f9200000,0x00000089f9300000)]
  0x00000249fff09800 JavaThread "C1 CompilerThread0" daemon [_thread_in_vm, id=69724, stack(0x00000089f9300000,0x00000089f9400000)]
  0x00000249fff0b800 JavaThread "Sweeper thread" daemon [_thread_blocked, id=79960, stack(0x00000089f9400000,0x00000089f9500000)]
  0x0000024980a97800 JavaThread "Common-Cleaner" daemon [_thread_blocked, id=133332, stack(0x00000089f9600000,0x00000089f9700000)]

Other Threads:
  0x00000249ffeda000 VMThread "VM Thread" [stack: 0x00000089f8c00000,0x00000089f8d00000] [id=83568]
  0x0000024980a90800 WatcherThread [stack: 0x00000089f9500000,0x00000089f9600000] [id=78768]
  0x00000249e2419800 GCTaskThread "GC Thread#0" [stack: 0x00000089f8700000,0x00000089f8800000] [id=85452]
  0x0000024980f34000 GCTaskThread "GC Thread#1" [stack: 0x00000089f9700000,0x00000089f9800000] [id=75708]
  0x00000249e244c000 ConcurrentGCThread "G1 Main Marker" [stack: 0x00000089f8800000,0x00000089f8900000] [id=75676]
  0x00000249e244e000 ConcurrentGCThread "G1 Conc#0" [stack: 0x00000089f8900000,0x00000089f8a00000] [id=78436]
  0x00000249e24d8000 ConcurrentGCThread "G1 Refine#0" [stack: 0x00000089f8a00000,0x00000089f8b00000] [id=75992]
  0x00000249e24d9000 ConcurrentGCThread "G1 Young RemSet Sampling" [stack: 0x00000089f8b00000,0x00000089f8c00000] [id=77724]

Threads with active compile tasks:
C2 CompilerThread0     9063 4670   !   4       com.sun.tools.javac.jvm.ClassReader::classSigToType (498 bytes)
C1 CompilerThread0     9063 4693       3       com.sun.tools.javac.util.ByteBuffer::appendChar (63 bytes)

VM state:not at safepoint (normal execution)

VM Mutex/Monitor currently owned by a thread: None

Heap address: 0x0000000080000000, size: 2048 MB, Compressed Oops mode: 32-bit
Narrow klass base: 0x0000000000000000, Narrow klass shift: 3
Compressed class space size: 1073741824 Address: 0x0000000100000000

Heap:
 garbage-first heap   total 157696K, used 25656K [0x0000000080000000, 0x0000000100000000)
  region size 1024K, 12 young (12288K), 9 survivors (9216K)
 Metaspace       used 31352K, capacity 31953K, committed 32000K, reserved 1077248K
  class space    used 3350K, capacity 3558K, committed 3584K, reserved 1048576K
Heap Regions: E=young(eden), S=young(survivor), O=old, HS=humongous(starts), HC=humongous(continues), CS=collection set, F=free, A=archive, TAMS=top-at-mark-start (previous, next)
|   0|0x0000000080000000, 0x0000000080100000, 0x0000000080100000|100%| O|  |TAMS 0x0000000080100000, 0x0000000080000000| Untracked 
|   1|0x0000000080100000, 0x0000000080200000, 0x0000000080200000|100%| O|  |TAMS 0x0000000080200000, 0x0000000080100000| Untracked 
|   2|0x0000000080200000, 0x0000000080300000, 0x0000000080300000|100%| O|  |TAMS 0x0000000080239200, 0x0000000080200000| Untracked 
|   3|0x0000000080300000, 0x0000000080400000, 0x0000000080400000|100%| O|  |TAMS 0x0000000080300000, 0x0000000080300000| Untracked 
|   4|0x0000000080400000, 0x0000000080500000, 0x0000000080500000|100%| O|  |TAMS 0x0000000080400000, 0x0000000080400000| Untracked 
|   5|0x0000000080500000, 0x0000000080600000, 0x0000000080600000|100%| O|  |TAMS 0x0000000080500000, 0x0000000080500000| Untracked 
|   6|0x0000000080600000, 0x0000000080700000, 0x0000000080700000|100%| O|  |TAMS 0x0000000080600000, 0x0000000080600000| Untracked 
|   7|0x0000000080700000, 0x0000000080800000, 0x0000000080800000|100%| O|  |TAMS 0x0000000080700000, 0x0000000080700000| Untracked 
|   8|0x0000000080800000, 0x0000000080900000, 0x0000000080900000|100%| O|  |TAMS 0x0000000080800000, 0x0000000080800000| Untracked 
|   9|0x0000000080900000, 0x0000000080a00000, 0x0000000080a00000|100%| O|  |TAMS 0x0000000080900000, 0x0000000080900000| Untracked 
|  10|0x0000000080a00000, 0x0000000080b00000, 0x0000000080b00000|100%| O|  |TAMS 0x0000000080a00000, 0x0000000080a00000| Untracked 
|  11|0x0000000080b00000, 0x0000000080c00000, 0x0000000080c00000|100%| O|  |TAMS 0x0000000080b00000, 0x0000000080b00000| Untracked 
|  12|0x0000000080c00000, 0x0000000080d00000, 0x0000000080d00000|100%| O|  |TAMS 0x0000000080c00000, 0x0000000080c00000| Untracked 
|  13|0x0000000080d00000, 0x0000000080e00000, 0x0000000080e00000|100%| O|  |TAMS 0x0000000080d00000, 0x0000000080d00000| Untracked 
|  14|0x0000000080e00000, 0x0000000080e0e200, 0x0000000080f00000|  5%| O|  |TAMS 0x0000000080e00000, 0x0000000080e00000| Untracked 
|  15|0x0000000080f00000, 0x0000000080f00000, 0x0000000081000000|  0%| F|  |TAMS 0x0000000080f00000, 0x0000000080f00000| Untracked 
|  16|0x0000000081000000, 0x0000000081000000, 0x0000000081100000|  0%| F|  |TAMS 0x0000000081000000, 0x0000000081000000| Untracked 
|  17|0x0000000081100000, 0x0000000081100000, 0x0000000081200000|  0%| F|  |TAMS 0x0000000081100000, 0x0000000081100000| Untracked 
|  18|0x0000000081200000, 0x0000000081200000, 0x0000000081300000|  0%| F|  |TAMS 0x0000000081200000, 0x0000000081200000| Untracked 
|  19|0x0000000081300000, 0x0000000081300000, 0x0000000081400000|  0%| F|  |TAMS 0x0000000081300000, 0x0000000081300000| Untracked 
|  20|0x0000000081400000, 0x0000000081400000, 0x0000000081500000|  0%| F|  |TAMS 0x0000000081400000, 0x0000000081400000| Untracked 
|  21|0x0000000081500000, 0x0000000081500000, 0x0000000081600000|  0%| F|  |TAMS 0x0000000081500000, 0x0000000081500000| Untracked 
|  22|0x0000000081600000, 0x0000000081600000, 0x0000000081700000|  0%| F|  |TAMS 0x0000000081600000, 0x0000000081600000| Untracked 
|  23|0x0000000081700000, 0x0000000081700000, 0x0000000081800000|  0%| F|  |TAMS 0x0000000081700000, 0x0000000081700000| Untracked 
|  24|0x0000000081800000, 0x0000000081800000, 0x0000000081900000|  0%| F|  |TAMS 0x0000000081800000, 0x0000000081800000| Untracked 
|  25|0x0000000081900000, 0x0000000081900000, 0x0000000081a00000|  0%| F|  |TAMS 0x0000000081900000, 0x0000000081900000| Untracked 
|  26|0x0000000081a00000, 0x0000000081a00000, 0x0000000081b00000|  0%| F|  |TAMS 0x0000000081a00000, 0x0000000081a00000| Untracked 
|  27|0x0000000081b00000, 0x0000000081b00000, 0x0000000081c00000|  0%| F|  |TAMS 0x0000000081b00000, 0x0000000081b00000| Untracked 
|  28|0x0000000081c00000, 0x0000000081c00000, 0x0000000081d00000|  0%| F|  |TAMS 0x0000000081c00000, 0x0000000081c00000| Untracked 
|  29|0x0000000081d00000, 0x0000000081d00000, 0x0000000081e00000|  0%| F|  |TAMS 0x0000000081d00000, 0x0000000081d00000| Untracked 
|  30|0x0000000081e00000, 0x0000000081e00000, 0x0000000081f00000|  0%| F|  |TAMS 0x0000000081e00000, 0x0000000081e00000| Untracked 
|  31|0x0000000081f00000, 0x0000000081f00000, 0x0000000082000000|  0%| F|  |TAMS 0x0000000081f00000, 0x0000000081f00000| Untracked 
|  32|0x0000000082000000, 0x0000000082000000, 0x0000000082100000|  0%| F|  |TAMS 0x0000000082000000, 0x0000000082000000| Untracked 
|  33|0x0000000082100000, 0x0000000082100000, 0x0000000082200000|  0%| F|  |TAMS 0x0000000082100000, 0x0000000082100000| Untracked 
|  34|0x0000000082200000, 0x0000000082200000, 0x0000000082300000|  0%| F|  |TAMS 0x0000000082200000, 0x0000000082200000| Untracked 
|  35|0x0000000082300000, 0x0000000082300000, 0x0000000082400000|  0%| F|  |TAMS 0x0000000082300000, 0x0000000082300000| Untracked 
|  36|0x0000000082400000, 0x0000000082400000, 0x0000000082500000|  0%| F|  |TAMS 0x0000000082400000, 0x0000000082400000| Untracked 
|  37|0x0000000082500000, 0x0000000082500000, 0x0000000082600000|  0%| F|  |TAMS 0x0000000082500000, 0x0000000082500000| Untracked 
|  38|0x0000000082600000, 0x0000000082600000, 0x0000000082700000|  0%| F|  |TAMS 0x0000000082600000, 0x0000000082600000| Untracked 
|  39|0x0000000082700000, 0x0000000082700000, 0x0000000082800000|  0%| F|  |TAMS 0x0000000082700000, 0x0000000082700000| Untracked 
|  40|0x0000000082800000, 0x0000000082800000, 0x0000000082900000|  0%| F|  |TAMS 0x0000000082800000, 0x0000000082800000| Untracked 
|  41|0x0000000082900000, 0x0000000082900000, 0x0000000082a00000|  0%| F|  |TAMS 0x0000000082900000, 0x0000000082900000| Untracked 
|  42|0x0000000082a00000, 0x0000000082a00000, 0x0000000082b00000|  0%| F|  |TAMS 0x0000000082a00000, 0x0000000082a00000| Untracked 
|  43|0x0000000082b00000, 0x0000000082b00000, 0x0000000082c00000|  0%| F|  |TAMS 0x0000000082b00000, 0x0000000082b00000| Untracked 
|  44|0x0000000082c00000, 0x0000000082c00000, 0x0000000082d00000|  0%| F|  |TAMS 0x0000000082c00000, 0x0000000082c00000| Untracked 
|  45|0x0000000082d00000, 0x0000000082d00000, 0x0000000082e00000|  0%| F|  |TAMS 0x0000000082d00000, 0x0000000082d00000| Untracked 
|  46|0x0000000082e00000, 0x0000000082e00000, 0x0000000082f00000|  0%| F|  |TAMS 0x0000000082e00000, 0x0000000082e00000| Untracked 
|  47|0x0000000082f00000, 0x0000000082f00000, 0x0000000083000000|  0%| F|  |TAMS 0x0000000082f00000, 0x0000000082f00000| Untracked 
|  48|0x0000000083000000, 0x0000000083000000, 0x0000000083100000|  0%| F|  |TAMS 0x0000000083000000, 0x0000000083000000| Untracked 
|  49|0x0000000083100000, 0x0000000083100000, 0x0000000083200000|  0%| F|  |TAMS 0x0000000083100000, 0x0000000083100000| Untracked 
|  50|0x0000000083200000, 0x0000000083200000, 0x0000000083300000|  0%| F|  |TAMS 0x0000000083200000, 0x0000000083200000| Untracked 
|  51|0x0000000083300000, 0x0000000083300000, 0x0000000083400000|  0%| F|  |TAMS 0x0000000083300000, 0x0000000083300000| Untracked 
|  52|0x0000000083400000, 0x0000000083400000, 0x0000000083500000|  0%| F|  |TAMS 0x0000000083400000, 0x0000000083400000| Untracked 
|  53|0x0000000083500000, 0x0000000083500000, 0x0000000083600000|  0%| F|  |TAMS 0x0000000083500000, 0x0000000083500000| Untracked 
|  54|0x0000000083600000, 0x0000000083600000, 0x0000000083700000|  0%| F|  |TAMS 0x0000000083600000, 0x0000000083600000| Untracked 
|  55|0x0000000083700000, 0x0000000083700000, 0x0000000083800000|  0%| F|  |TAMS 0x0000000083700000, 0x0000000083700000| Untracked 
|  56|0x0000000083800000, 0x0000000083800000, 0x0000000083900000|  0%| F|  |TAMS 0x0000000083800000, 0x0000000083800000| Untracked 
|  57|0x0000000083900000, 0x0000000083900000, 0x0000000083a00000|  0%| F|  |TAMS 0x0000000083900000, 0x0000000083900000| Untracked 
|  58|0x0000000083a00000, 0x0000000083a00000, 0x0000000083b00000|  0%| F|  |TAMS 0x0000000083a00000, 0x0000000083a00000| Untracked 
|  59|0x0000000083b00000, 0x0000000083b00000, 0x0000000083c00000|  0%| F|  |TAMS 0x0000000083b00000, 0x0000000083b00000| Untracked 
|  60|0x0000000083c00000, 0x0000000083c00000, 0x0000000083d00000|  0%| F|  |TAMS 0x0000000083c00000, 0x0000000083c00000| Untracked 
|  61|0x0000000083d00000, 0x0000000083d00000, 0x0000000083e00000|  0%| F|  |TAMS 0x0000000083d00000, 0x0000000083d00000| Untracked 
|  62|0x0000000083e00000, 0x0000000083e00000, 0x0000000083f00000|  0%| F|  |TAMS 0x0000000083e00000, 0x0000000083e00000| Untracked 
|  63|0x0000000083f00000, 0x0000000083f00000, 0x0000000084000000|  0%| F|  |TAMS 0x0000000083f00000, 0x0000000083f00000| Untracked 
|  64|0x0000000084000000, 0x0000000084000000, 0x0000000084100000|  0%| F|  |TAMS 0x0000000084000000, 0x0000000084000000| Untracked 
|  65|0x0000000084100000, 0x0000000084100000, 0x0000000084200000|  0%| F|  |TAMS 0x0000000084100000, 0x0000000084100000| Untracked 
|  66|0x0000000084200000, 0x0000000084200000, 0x0000000084300000|  0%| F|  |TAMS 0x0000000084200000, 0x0000000084200000| Untracked 
|  67|0x0000000084300000, 0x0000000084300000, 0x0000000084400000|  0%| F|  |TAMS 0x0000000084300000, 0x0000000084300000| Untracked 
|  68|0x0000000084400000, 0x0000000084400000, 0x0000000084500000|  0%| F|  |TAMS 0x0000000084400000, 0x0000000084400000| Untracked 
|  69|0x0000000084500000, 0x0000000084500000, 0x0000000084600000|  0%| F|  |TAMS 0x0000000084500000, 0x0000000084500000| Untracked 
|  70|0x0000000084600000, 0x0000000084600000, 0x0000000084700000|  0%| F|  |TAMS 0x0000000084600000, 0x0000000084600000| Untracked 
|  71|0x0000000084700000, 0x0000000084700000, 0x0000000084800000|  0%| F|  |TAMS 0x0000000084700000, 0x0000000084700000| Untracked 
|  72|0x0000000084800000, 0x0000000084800000, 0x0000000084900000|  0%| F|  |TAMS 0x0000000084800000, 0x0000000084800000| Untracked 
|  73|0x0000000084900000, 0x0000000084a00000, 0x0000000084a00000|100%| S|CS|TAMS 0x0000000084900000, 0x0000000084900000| Complete 
|  74|0x0000000084a00000, 0x0000000084b00000, 0x0000000084b00000|100%| S|CS|TAMS 0x0000000084a00000, 0x0000000084a00000| Complete 
|  75|0x0000000084b00000, 0x0000000084c00000, 0x0000000084c00000|100%| S|CS|TAMS 0x0000000084b00000, 0x0000000084b00000| Complete 
|  76|0x0000000084c00000, 0x0000000084d00000, 0x0000000084d00000|100%| S|CS|TAMS 0x0000000084c00000, 0x0000000084c00000| Complete 
|  77|0x0000000084d00000, 0x0000000084e00000, 0x0000000084e00000|100%| S|CS|TAMS 0x0000000084d00000, 0x0000000084d00000| Complete 
|  78|0x0000000084e00000, 0x0000000084f00000, 0x0000000084f00000|100%| S|CS|TAMS 0x0000000084e00000, 0x0000000084e00000| Complete 
|  79|0x0000000084f00000, 0x0000000085000000, 0x0000000085000000|100%| S|CS|TAMS 0x0000000084f00000, 0x0000000084f00000| Complete 
|  80|0x0000000085000000, 0x0000000085100000, 0x0000000085100000|100%| S|CS|TAMS 0x0000000085000000, 0x0000000085000000| Complete 
|  81|0x0000000085100000, 0x0000000085100000, 0x0000000085200000|  0%| F|  |TAMS 0x0000000085100000, 0x0000000085100000| Untracked 
|  82|0x0000000085200000, 0x0000000085200000, 0x0000000085300000|  0%| F|  |TAMS 0x0000000085200000, 0x0000000085200000| Untracked 
|  83|0x0000000085300000, 0x0000000085300000, 0x0000000085400000|  0%| F|  |TAMS 0x0000000085300000, 0x0000000085300000| Untracked 
|  84|0x0000000085400000, 0x0000000085400000, 0x0000000085500000|  0%| F|  |TAMS 0x0000000085400000, 0x0000000085400000| Untracked 
|  85|0x0000000085500000, 0x0000000085500000, 0x0000000085600000|  0%| F|  |TAMS 0x0000000085500000, 0x0000000085500000| Untracked 
|  86|0x0000000085600000, 0x0000000085600000, 0x0000000085700000|  0%| F|  |TAMS 0x0000000085600000, 0x0000000085600000| Untracked 
|  87|0x0000000085700000, 0x0000000085700000, 0x0000000085800000|  0%| F|  |TAMS 0x0000000085700000, 0x0000000085700000| Untracked 
|  88|0x0000000085800000, 0x0000000085800000, 0x0000000085900000|  0%| F|  |TAMS 0x0000000085800000, 0x0000000085800000| Untracked 
|  89|0x0000000085900000, 0x0000000085a00000, 0x0000000085a00000|100%| S|CS|TAMS 0x0000000085900000, 0x0000000085900000| Complete 
|  90|0x0000000085a00000, 0x0000000085a00000, 0x0000000085b00000|  0%| F|  |TAMS 0x0000000085a00000, 0x0000000085a00000| Untracked 
|  91|0x0000000085b00000, 0x0000000085b00000, 0x0000000085c00000|  0%| F|  |TAMS 0x0000000085b00000, 0x0000000085b00000| Untracked 
|  92|0x0000000085c00000, 0x0000000085c00000, 0x0000000085d00000|  0%| F|  |TAMS 0x0000000085c00000, 0x0000000085c00000| Untracked 
|  93|0x0000000085d00000, 0x0000000085d00000, 0x0000000085e00000|  0%| F|  |TAMS 0x0000000085d00000, 0x0000000085d00000| Untracked 
|  94|0x0000000085e00000, 0x0000000085e00000, 0x0000000085f00000|  0%| F|  |TAMS 0x0000000085e00000, 0x0000000085e00000| Untracked 
|  95|0x0000000085f00000, 0x0000000085f00000, 0x0000000086000000|  0%| F|  |TAMS 0x0000000085f00000, 0x0000000085f00000| Untracked 
|  96|0x0000000086000000, 0x0000000086000000, 0x0000000086100000|  0%| F|  |TAMS 0x0000000086000000, 0x0000000086000000| Untracked 
|  97|0x0000000086100000, 0x0000000086100000, 0x0000000086200000|  0%| F|  |TAMS 0x0000000086100000, 0x0000000086100000| Untracked 
|  98|0x0000000086200000, 0x0000000086200000, 0x0000000086300000|  0%| F|  |TAMS 0x0000000086200000, 0x0000000086200000| Untracked 
|  99|0x0000000086300000, 0x0000000086300000, 0x0000000086400000|  0%| F|  |TAMS 0x0000000086300000, 0x0000000086300000| Untracked 
| 100|0x0000000086400000, 0x0000000086400000, 0x0000000086500000|  0%| F|  |TAMS 0x0000000086400000, 0x0000000086400000| Untracked 
| 101|0x0000000086500000, 0x0000000086500000, 0x0000000086600000|  0%| F|  |TAMS 0x0000000086500000, 0x0000000086500000| Untracked 
| 102|0x0000000086600000, 0x0000000086600000, 0x0000000086700000|  0%| F|  |TAMS 0x0000000086600000, 0x0000000086600000| Untracked 
| 103|0x0000000086700000, 0x0000000086700000, 0x0000000086800000|  0%| F|  |TAMS 0x0000000086700000, 0x0000000086700000| Untracked 
| 104|0x0000000086800000, 0x0000000086800000, 0x0000000086900000|  0%| F|  |TAMS 0x0000000086800000, 0x0000000086800000| Untracked 
| 105|0x0000000086900000, 0x0000000086900000, 0x0000000086a00000|  0%| F|  |TAMS 0x0000000086900000, 0x0000000086900000| Untracked 
| 106|0x0000000086a00000, 0x0000000086a00000, 0x0000000086b00000|  0%| F|  |TAMS 0x0000000086a00000, 0x0000000086a00000| Untracked 
| 107|0x0000000086b00000, 0x0000000086b00000, 0x0000000086c00000|  0%| F|  |TAMS 0x0000000086b00000, 0x0000000086b00000| Untracked 
| 108|0x0000000086c00000, 0x0000000086c00000, 0x0000000086d00000|  0%| F|  |TAMS 0x0000000086c00000, 0x0000000086c00000| Untracked 
| 109|0x0000000086d00000, 0x0000000086d00000, 0x0000000086e00000|  0%| F|  |TAMS 0x0000000086d00000, 0x0000000086d00000| Untracked 
| 110|0x0000000086e00000, 0x0000000086e00000, 0x0000000086f00000|  0%| F|  |TAMS 0x0000000086e00000, 0x0000000086e00000| Untracked 
| 111|0x0000000086f00000, 0x0000000086f00000, 0x0000000087000000|  0%| F|  |TAMS 0x0000000086f00000, 0x0000000086f00000| Untracked 
| 112|0x0000000087000000, 0x0000000087000000, 0x0000000087100000|  0%| F|  |TAMS 0x0000000087000000, 0x0000000087000000| Untracked 
| 113|0x0000000087100000, 0x0000000087100000, 0x0000000087200000|  0%| F|  |TAMS 0x0000000087100000, 0x0000000087100000| Untracked 
| 114|0x0000000087200000, 0x0000000087200000, 0x0000000087300000|  0%| F|  |TAMS 0x0000000087200000, 0x0000000087200000| Untracked 
| 115|0x0000000087300000, 0x0000000087300000, 0x0000000087400000|  0%| F|  |TAMS 0x0000000087300000, 0x0000000087300000| Untracked 
| 116|0x0000000087400000, 0x0000000087400000, 0x0000000087500000|  0%| F|  |TAMS 0x0000000087400000, 0x0000000087400000| Untracked 
| 117|0x0000000087500000, 0x0000000087500000, 0x0000000087600000|  0%| F|  |TAMS 0x0000000087500000, 0x0000000087500000| Untracked 
| 118|0x0000000087600000, 0x0000000087600000, 0x0000000087700000|  0%| F|  |TAMS 0x0000000087600000, 0x0000000087600000| Untracked 
| 119|0x0000000087700000, 0x0000000087700000, 0x0000000087800000|  0%| F|  |TAMS 0x0000000087700000, 0x0000000087700000| Untracked 
| 120|0x0000000087800000, 0x0000000087800000, 0x0000000087900000|  0%| F|  |TAMS 0x0000000087800000, 0x0000000087800000| Untracked 
| 121|0x0000000087900000, 0x0000000087900000, 0x0000000087a00000|  0%| F|  |TAMS 0x0000000087900000, 0x0000000087900000| Untracked 
| 122|0x0000000087a00000, 0x0000000087a00000, 0x0000000087b00000|  0%| F|  |TAMS 0x0000000087a00000, 0x0000000087a00000| Untracked 
| 123|0x0000000087b00000, 0x0000000087b00000, 0x0000000087c00000|  0%| F|  |TAMS 0x0000000087b00000, 0x0000000087b00000| Untracked 
| 124|0x0000000087c00000, 0x0000000087c00000, 0x0000000087d00000|  0%| F|  |TAMS 0x0000000087c00000, 0x0000000087c00000| Untracked 
| 125|0x0000000087d00000, 0x0000000087d00000, 0x0000000087e00000|  0%| F|  |TAMS 0x0000000087d00000, 0x0000000087d00000| Untracked 
| 126|0x0000000087e00000, 0x0000000087e00000, 0x0000000087f00000|  0%| F|  |TAMS 0x0000000087e00000, 0x0000000087e00000| Untracked 
| 127|0x0000000087f00000, 0x0000000087f00000, 0x0000000088000000|  0%| F|  |TAMS 0x0000000087f00000, 0x0000000087f00000| Untracked 
| 128|0x0000000088000000, 0x0000000088000000, 0x0000000088100000|  0%| F|  |TAMS 0x0000000088000000, 0x0000000088000000| Untracked 
| 129|0x0000000088100000, 0x0000000088100000, 0x0000000088200000|  0%| F|  |TAMS 0x0000000088100000, 0x0000000088100000| Untracked 
| 130|0x0000000088200000, 0x0000000088200000, 0x0000000088300000|  0%| F|  |TAMS 0x0000000088200000, 0x0000000088200000| Untracked 
| 131|0x0000000088300000, 0x0000000088300000, 0x0000000088400000|  0%| F|  |TAMS 0x0000000088300000, 0x0000000088300000| Untracked 
| 132|0x0000000088400000, 0x0000000088400000, 0x0000000088500000|  0%| F|  |TAMS 0x0000000088400000, 0x0000000088400000| Untracked 
| 133|0x0000000088500000, 0x0000000088500000, 0x0000000088600000|  0%| F|  |TAMS 0x0000000088500000, 0x0000000088500000| Untracked 
| 134|0x0000000088600000, 0x0000000088600000, 0x0000000088700000|  0%| F|  |TAMS 0x0000000088600000, 0x0000000088600000| Untracked 
| 135|0x0000000088700000, 0x0000000088700000, 0x0000000088800000|  0%| F|  |TAMS 0x0000000088700000, 0x0000000088700000| Untracked 
| 136|0x0000000088800000, 0x0000000088800000, 0x0000000088900000|  0%| F|  |TAMS 0x0000000088800000, 0x0000000088800000| Untracked 
| 137|0x0000000088900000, 0x0000000088900000, 0x0000000088a00000|  0%| F|  |TAMS 0x0000000088900000, 0x0000000088900000| Untracked 
| 138|0x0000000088a00000, 0x0000000088a00000, 0x0000000088b00000|  0%| F|  |TAMS 0x0000000088a00000, 0x0000000088a00000| Untracked 
| 139|0x0000000088b00000, 0x0000000088b00000, 0x0000000088c00000|  0%| F|  |TAMS 0x0000000088b00000, 0x0000000088b00000| Untracked 
| 140|0x0000000088c00000, 0x0000000088c00000, 0x0000000088d00000|  0%| F|  |TAMS 0x0000000088c00000, 0x0000000088c00000| Untracked 
| 141|0x0000000088d00000, 0x0000000088d00000, 0x0000000088e00000|  0%| F|  |TAMS 0x0000000088d00000, 0x0000000088d00000| Untracked 
| 142|0x0000000088e00000, 0x0000000088e00000, 0x0000000088f00000|  0%| F|  |TAMS 0x0000000088e00000, 0x0000000088e00000| Untracked 
| 143|0x0000000088f00000, 0x0000000088f00000, 0x0000000089000000|  0%| F|  |TAMS 0x0000000088f00000, 0x0000000088f00000| Untracked 
| 144|0x0000000089000000, 0x0000000089000000, 0x0000000089100000|  0%| F|  |TAMS 0x0000000089000000, 0x0000000089000000| Untracked 
| 145|0x0000000089100000, 0x0000000089100000, 0x0000000089200000|  0%| F|  |TAMS 0x0000000089100000, 0x0000000089100000| Untracked 
| 146|0x0000000089200000, 0x0000000089200000, 0x0000000089300000|  0%| F|  |TAMS 0x0000000089200000, 0x0000000089200000| Untracked 
| 147|0x0000000089300000, 0x0000000089300000, 0x0000000089400000|  0%| F|  |TAMS 0x0000000089300000, 0x0000000089300000| Untracked 
| 148|0x0000000089400000, 0x0000000089400000, 0x0000000089500000|  0%| F|  |TAMS 0x0000000089400000, 0x0000000089400000| Untracked 
| 149|0x0000000089500000, 0x0000000089500000, 0x0000000089600000|  0%| F|  |TAMS 0x0000000089500000, 0x0000000089500000| Untracked 
| 150|0x0000000089600000, 0x0000000089600000, 0x0000000089700000|  0%| F|  |TAMS 0x0000000089600000, 0x0000000089600000| Untracked 
| 151|0x0000000089700000, 0x0000000089780800, 0x0000000089800000| 50%| E|  |TAMS 0x0000000089700000, 0x0000000089700000| Complete 
| 152|0x0000000089800000, 0x0000000089900000, 0x0000000089900000|100%| E|CS|TAMS 0x0000000089800000, 0x0000000089800000| Complete 
| 153|0x0000000089900000, 0x0000000089a00000, 0x0000000089a00000|100%| E|CS|TAMS 0x0000000089900000, 0x0000000089900000| Complete 

Card table byte_map: [0x00000249f92c0000,0x00000249f96c0000] _byte_map_base: 0x00000249f8ec0000

Marking Bits (Prev, Next): (CMBitMap*) 0x00000249e24420e0, (CMBitMap*) 0x00000249e24420a8
 Prev Bits: [0x00000249fbac0000, 0x00000249fdac0000)
 Next Bits: [0x00000249f9ac0000, 0x00000249fbac0000)

Polling page: 0x00000249e0a10000

Metaspace:

Usage:
  Non-class:     27.73 MB capacity,    27.36 MB ( 99%) used,   331.57 KB (  1%) free+waste,    51.00 KB ( <1%) overhead. 
      Class:      3.47 MB capacity,     3.28 MB ( 94%) used,   181.84 KB (  5%) free+waste,    22.31 KB ( <1%) overhead. 
       Both:     31.20 MB capacity,    30.63 MB ( 98%) used,   513.41 KB (  2%) free+waste,    73.31 KB ( <1%) overhead. 

Virtual space:
  Non-class space:       28.00 MB reserved,      27.75 MB (>99%) committed 
      Class space:        1.00 GB reserved,       3.50 MB ( <1%) committed 
             Both:        1.03 GB reserved,      31.25 MB (  3%) committed 

Chunk freelists:
   Non-Class:  2.63 KB
       Class:  3.25 KB
        Both:  5.88 KB

CodeHeap 'non-profiled nmethods': size=120064Kb used=2047Kb max_used=2047Kb free=118016Kb
 bounds [0x00000249f1580000, 0x00000249f17f0000, 0x00000249f8ac0000]
CodeHeap 'profiled nmethods': size=120000Kb used=10356Kb max_used=10356Kb free=109644Kb
 bounds [0x00000249ea050000, 0x00000249eaa70000, 0x00000249f1580000]
CodeHeap 'non-nmethods': size=5696Kb used=1147Kb max_used=1188Kb free=4548Kb
 bounds [0x00000249e9ac0000, 0x00000249e9d30000, 0x00000249ea050000]
 total_blobs=5149 nmethods=4682 adapters=378
 compilation: enabled
              stopped_count=0, restarted_count=0
 full_count=0

Compilation events (10 events):
Event: 9.022 Thread 0x00000249fff09800 4675       3       com.sun.tools.javac.code.Scope$ScopeImpl$$Lambda$155/0x0000000100362c40::iterator (20 bytes)
Event: 9.022 Thread 0x00000249fff09800 nmethod 4675 0x00000249eaa60e90 code [0x00000249eaa61040, 0x00000249eaa61268]
Event: 9.022 Thread 0x00000249fff09800 4676       3       com.sun.tools.javac.code.Types$UnaryVisitor::visit (7 bytes)
Event: 9.022 Thread 0x00000249fff09800 nmethod 4676 0x00000249eaa61390 code [0x00000249eaa61540, 0x00000249eaa61708]
Event: 9.022 Thread 0x00000249fff09800 4677       3       com.sun.tools.javac.code.Scope::getSymbolsByName (10 bytes)
Event: 9.023 Thread 0x00000249fff09800 nmethod 4677 0x00000249eaa61810 code [0x00000249eaa619c0, 0x00000249eaa61b88]
Event: 9.023 Thread 0x00000249fff09800 4678       3       com.sun.tools.javac.code.Symbol$ClassSymbol::members (9 bytes)
Event: 9.023 Thread 0x00000249fff09800 nmethod 4678 0x00000249eaa61c10 code [0x00000249eaa61dc0, 0x00000249eaa61f08]
Event: 9.023 Thread 0x00000249fff09800 4679       3       com.sun.tools.javac.code.Scope::getSymbolsByName (9 bytes)
Event: 9.023 Thread 0x00000249fff09800 nmethod 4679 0x00000249eaa61f90 code [0x00000249eaa62140, 0x00000249eaa62368]

GC Heap History (10 events):
Event: 1.306 GC heap before
{Heap before GC invocations=2 (full 0):
 garbage-first heap   total 131072K, used 17506K [0x0000000080000000, 0x0000000100000000)
  region size 1024K, 15 young (15360K), 1 survivors (1024K)
 Metaspace       used 12430K, capacity 12660K, committed 12928K, reserved 1060864K
  class space    used 1263K, capacity 1348K, committed 1408K, reserved 1048576K
}
Event: 1.311 GC heap after
{Heap after GC invocations=3 (full 0):
 garbage-first heap   total 131072K, used 3832K [0x0000000080000000, 0x0000000100000000)
  region size 1024K, 2 young (2048K), 2 survivors (2048K)
 Metaspace       used 12430K, capacity 12660K, committed 12928K, reserved 1060864K
  class space    used 1263K, capacity 1348K, committed 1408K, reserved 1048576K
}
Event: 1.967 GC heap before
{Heap before GC invocations=3 (full 0):
 garbage-first heap   total 131072K, used 23288K [0x0000000080000000, 0x0000000100000000)
  region size 1024K, 21 young (21504K), 2 survivors (2048K)
 Metaspace       used 14763K, capacity 14939K, committed 15232K, reserved 1062912K
  class space    used 1549K, capacity 1617K, committed 1664K, reserved 1048576K
}
Event: 1.973 GC heap after
{Heap after GC invocations=4 (full 0):
 garbage-first heap   total 131072K, used 4529K [0x0000000080000000, 0x0000000100000000)
  region size 1024K, 3 young (3072K), 3 survivors (3072K)
 Metaspace       used 14763K, capacity 14939K, committed 15232K, reserved 1062912K
  class space    used 1549K, capacity 1617K, committed 1664K, reserved 1048576K
}
Event: 3.692 GC heap before
{Heap before GC invocations=4 (full 0):
 garbage-first heap   total 131072K, used 36273K [0x0000000080000000, 0x0000000100000000)
  region size 1024K, 34 young (34816K), 3 survivors (3072K)
 Metaspace       used 19805K, capacity 20135K, committed 20224K, reserved 1067008K
  class space    used 2117K, capacity 2247K, committed 2304K, reserved 1048576K
}
Event: 3.710 GC heap after
{Heap after GC invocations=5 (full 0):
 garbage-first heap   total 157696K, used 7396K [0x0000000080000000, 0x0000000100000000)
  region size 1024K, 5 young (5120K), 5 survivors (5120K)
 Metaspace       used 19805K, capacity 20135K, committed 20224K, reserved 1067008K
  class space    used 2117K, capacity 2247K, committed 2304K, reserved 1048576K
}
Event: 5.714 GC heap before
{Heap before GC invocations=5 (full 0):
 garbage-first heap   total 157696K, used 64740K [0x0000000080000000, 0x0000000100000000)
  region size 1024K, 62 young (63488K), 5 survivors (5120K)
 Metaspace       used 20946K, capacity 21206K, committed 21248K, reserved 1069056K
  class space    used 2177K, capacity 2283K, committed 2304K, reserved 1048576K
}
Event: 5.744 GC heap after
{Heap after GC invocations=6 (full 0):
 garbage-first heap   total 157696K, used 13540K [0x0000000080000000, 0x0000000100000000)
  region size 1024K, 11 young (11264K), 11 survivors (11264K)
 Metaspace       used 20946K, capacity 21206K, committed 21248K, reserved 1069056K
  class space    used 2177K, capacity 2283K, committed 2304K, reserved 1048576K
}
Event: 8.908 GC heap before
{Heap before GC invocations=7 (full 0):
 garbage-first heap   total 157696K, used 76004K [0x0000000080000000, 0x0000000100000000)
  region size 1024K, 72 young (73728K), 11 survivors (11264K)
 Metaspace       used 30859K, capacity 31388K, committed 31488K, reserved 1077248K
  class space    used 3298K, capacity 3520K, committed 3584K, reserved 1048576K
}
Event: 8.960 GC heap after
{Heap after GC invocations=8 (full 0):
 garbage-first heap   total 157696K, used 23608K [0x0000000080000000, 0x0000000100000000)
  region size 1024K, 9 young (9216K), 9 survivors (9216K)
 Metaspace       used 30859K, capacity 31388K, committed 31488K, reserved 1077248K
  class space    used 3298K, capacity 3520K, committed 3584K, reserved 1048576K
}

Deoptimization events (10 events):
Event: 7.122 Thread 0x00000249e2405800 Uncommon trap: reason=unstable_if action=reinterpret pc=0x00000249f15d99c4 method=java.nio.Buffer.limit(I)Ljava/nio/Buffer; @ 42 c2
Event: 7.867 Thread 0x00000249e2405800 Uncommon trap: reason=class_check action=maybe_recompile pc=0x00000249f15ae444 method=jdk.internal.loader.URLClassPath.getLoader(I)Ljdk/internal/loader/URLClassPath$Loader; @ 88 c2
Event: 7.899 Thread 0x00000249e2405800 Uncommon trap: reason=class_check action=maybe_recompile pc=0x00000249f15ae444 method=jdk.internal.loader.URLClassPath.getLoader(I)Ljdk/internal/loader/URLClassPath$Loader; @ 88 c2
Event: 8.195 Thread 0x00000249e2405800 Uncommon trap: reason=class_check action=maybe_recompile pc=0x00000249f173b2b8 method=java.util.zip.InflaterInputStream.read([BII)I @ 100 c2
Event: 8.204 Thread 0x00000249e2405800 Uncommon trap: reason=class_check action=maybe_recompile pc=0x00000249f173b2b8 method=java.util.zip.InflaterInputStream.read([BII)I @ 100 c2
Event: 8.223 Thread 0x00000249e2405800 Uncommon trap: reason=class_check action=maybe_recompile pc=0x00000249f173b2b8 method=java.util.zip.InflaterInputStream.read([BII)I @ 100 c2
Event: 8.277 Thread 0x00000249e2405800 Uncommon trap: reason=class_check action=maybe_recompile pc=0x00000249f173b2b8 method=java.util.zip.InflaterInputStream.read([BII)I @ 100 c2
Event: 8.594 Thread 0x00000249e2405800 Uncommon trap: reason=unstable_if action=reinterpret pc=0x00000249f1766e04 method=java.util.Arrays.equals([B[B)Z @ 23 c2
Event: 9.020 Thread 0x00000249e2405800 Uncommon trap: reason=bimorphic_or_optimized_type_check action=maybe_recompile pc=0x00000249f160cb78 method=java.util.HashMap.putVal(ILjava/lang/Object;Ljava/lang/Object;ZZ)Ljava/lang/Object; @ 253 c2
Event: 9.023 Thread 0x00000249e2405800 Uncommon trap: reason=bimorphic_or_optimized_type_check action=maybe_recompile pc=0x00000249f160cb78 method=java.util.HashMap.putVal(ILjava/lang/Object;Ljava/lang/Object;ZZ)Ljava/lang/Object; @ 253 c2

Classes redefined (0 events):
No events

Internal exceptions (10 events):
Event: 8.864 Thread 0x00000249e2405800 Exception <a 'sun/nio/fs/WindowsException'{0x0000000085ba7f98}> (0x0000000085ba7f98) thrown at [./open/src/hotspot/share/prims/jni.cpp, line 611]
Event: 8.864 Thread 0x00000249e2405800 Exception <a 'sun/nio/fs/WindowsException'{0x0000000085ba8380}> (0x0000000085ba8380) thrown at [./open/src/hotspot/share/prims/jni.cpp, line 611]
Event: 8.996 Thread 0x00000249e2405800 Exception <a 'sun/nio/fs/WindowsException'{0x00000000898b6988}> (0x00000000898b6988) thrown at [./open/src/hotspot/share/prims/jni.cpp, line 611]
Event: 8.997 Thread 0x00000249e2405800 Exception <a 'sun/nio/fs/WindowsException'{0x00000000898b6cb8}> (0x00000000898b6cb8) thrown at [./open/src/hotspot/share/prims/jni.cpp, line 611]
Event: 8.997 Thread 0x00000249e2405800 Exception <a 'sun/nio/fs/WindowsException'{0x00000000898bd798}> (0x00000000898bd798) thrown at [./open/src/hotspot/share/prims/jni.cpp, line 611]
Event: 8.997 Thread 0x00000249e2405800 Exception <a 'sun/nio/fs/WindowsException'{0x00000000898bda80}> (0x00000000898bda80) thrown at [./open/src/hotspot/share/prims/jni.cpp, line 611]
Event: 8.998 Thread 0x00000249e2405800 Exception <a 'sun/nio/fs/WindowsException'{0x00000000898ccb80}> (0x00000000898ccb80) thrown at [./open/src/hotspot/share/prims/jni.cpp, line 611]
Event: 8.998 Thread 0x00000249e2405800 Exception <a 'sun/nio/fs/WindowsException'{0x00000000898cceb0}> (0x00000000898cceb0) thrown at [./open/src/hotspot/share/prims/jni.cpp, line 611]
Event: 8.998 Thread 0x00000249e2405800 Exception <a 'sun/nio/fs/WindowsException'{0x00000000898ce3d0}> (0x00000000898ce3d0) thrown at [./open/src/hotspot/share/prims/jni.cpp, line 611]
Event: 8.998 Thread 0x00000249e2405800 Exception <a 'sun/nio/fs/WindowsException'{0x00000000898ce788}> (0x00000000898ce788) thrown at [./open/src/hotspot/share/prims/jni.cpp, line 611]

Events (10 events):
Event: 8.994 loading class com/sun/tools/javac/code/Type
Event: 8.994 loading class com/sun/tools/javac/code/Type done
Event: 8.994 loading class com/sun/tools/javac/code/Types$TypeMapping
Event: 8.994 loading class com/sun/tools/javac/code/Types$TypeMapping done
Event: 9.020 Thread 0x00000249e2405800 Uncommon trap: trap_request=0xffffffc6 fr.pc=0x00000249f160cb78 relative=0x0000000000000498
Event: 9.020 Thread 0x00000249e2405800 DEOPT PACKING pc=0x00000249f160cb78 sp=0x00000089f86fd7f0
Event: 9.020 Thread 0x00000249e2405800 DEOPT UNPACKING pc=0x00000249e9ac83af sp=0x00000089f86fd718 mode 2
Event: 9.023 Thread 0x00000249e2405800 Uncommon trap: trap_request=0xffffffc6 fr.pc=0x00000249f160cb78 relative=0x0000000000000498
Event: 9.023 Thread 0x00000249e2405800 DEOPT PACKING pc=0x00000249f160cb78 sp=0x00000089f86fd7e0
Event: 9.023 Thread 0x00000249e2405800 DEOPT UNPACKING pc=0x00000249e9ac83af sp=0x00000089f86fd708 mode 2


Dynamic libraries:
0x00007ff75cb60000 - 0x00007ff75cb6f000 	C:\Program Files\Java\jdk-11.0.16\bin\java.exe
0x00007ffe4a110000 - 0x00007ffe4a308000 	C:\Windows\SYSTEM32\ntdll.dll
0x00007ffe492a0000 - 0x00007ffe4935f000 	C:\Windows\System32\KERNEL32.DLL
0x00007ffe47a00000 - 0x00007ffe47cd2000 	C:\Windows\System32\KERNELBASE.dll
0x00007ffe47db0000 - 0x00007ffe47eb0000 	C:\Windows\System32\ucrtbase.dll
0x00007ffe1fdd0000 - 0x00007ffe1fde8000 	C:\Program Files\Java\jdk-11.0.16\bin\jli.dll
0x00007ffe49420000 - 0x00007ffe494ce000 	C:\Windows\System32\ADVAPI32.dll
0x00007ffe481a0000 - 0x00007ffe4823e000 	C:\Windows\System32\msvcrt.dll
0x00007ffe49630000 - 0x00007ffe496cc000 	C:\Windows\System32\sechost.dll
0x00007ffe48ef0000 - 0x00007ffe49015000 	C:\Windows\System32\RPCRT4.dll
0x00007ffe49020000 - 0x00007ffe491bd000 	C:\Windows\System32\USER32.dll
0x00007ffe47810000 - 0x00007ffe47832000 	C:\Windows\System32\win32u.dll
0x00007ffe49840000 - 0x00007ffe4986b000 	C:\Windows\System32\GDI32.dll
0x00007ffe47840000 - 0x00007ffe4794f000 	C:\Windows\System32\gdi32full.dll
0x00007ffe47d10000 - 0x00007ffe47dad000 	C:\Windows\System32\msvcp_win.dll
0x00007ffe1a570000 - 0x00007ffe1a585000 	C:\Program Files\Java\jdk-11.0.16\bin\VCRUNTIME140.dll
0x00007ffe29050000 - 0x00007ffe292ea000 	C:\Windows\WinSxS\amd64_microsoft.windows.common-controls_6595b64144ccf1df_6.0.19041.1110_none_60b5254171f9507e\COMCTL32.dll
0x00007ffe40050000 - 0x00007ffe4005a000 	C:\Windows\SYSTEM32\VERSION.dll
0x00007ffe48160000 - 0x00007ffe48192000 	C:\Windows\System32\IMM32.DLL
0x00007ffe1a4d0000 - 0x00007ffe1a56b000 	C:\Program Files\Java\jdk-11.0.16\bin\msvcp140.dll
0x00007ffde7100000 - 0x00007ffde7c18000 	C:\Program Files\Java\jdk-11.0.16\bin\server\jvm.dll
0x00007ffe49410000 - 0x00007ffe49418000 	C:\Windows\System32\PSAPI.DLL
0x00007ffe3d580000 - 0x00007ffe3d589000 	C:\Windows\SYSTEM32\WSOCK32.dll
0x00007ffe48a40000 - 0x00007ffe48aab000 	C:\Windows\System32\WS2_32.dll
0x00007ffe28180000 - 0x00007ffe281a7000 	C:\Windows\SYSTEM32\WINMM.dll
0x00007ffe456b0000 - 0x00007ffe456c2000 	C:\Windows\SYSTEM32\kernel.appcore.dll
0x00007ffe3bad0000 - 0x00007ffe3bae0000 	C:\Program Files\Java\jdk-11.0.16\bin\verify.dll
0x00007ffe3d330000 - 0x00007ffe3d514000 	C:\Windows\SYSTEM32\DBGHELP.DLL
0x00007ffe3d300000 - 0x00007ffe3d32c000 	C:\Windows\SYSTEM32\dbgcore.DLL
0x00007ffe480d0000 - 0x00007ffe48152000 	C:\Windows\System32\bcryptPrimitives.dll
0x00007ffe1a4a0000 - 0x00007ffe1a4c8000 	C:\Program Files\Java\jdk-11.0.16\bin\java.dll
0x00007ffe250d0000 - 0x00007ffe250da000 	C:\Program Files\Java\jdk-11.0.16\bin\jimage.dll
0x00007ffe1a480000 - 0x00007ffe1a496000 	C:\Program Files\Java\jdk-11.0.16\bin\zip.dll
0x00007ffe482f0000 - 0x00007ffe48a33000 	C:\Windows\System32\SHELL32.dll
0x00007ffe458b0000 - 0x00007ffe46042000 	C:\Windows\SYSTEM32\windows.storage.dll
0x00007ffe48ab0000 - 0x00007ffe48e04000 	C:\Windows\System32\combase.dll
0x00007ffe470b0000 - 0x00007ffe470e0000 	C:\Windows\SYSTEM32\Wldp.dll
0x00007ffe48240000 - 0x00007ffe482ed000 	C:\Windows\System32\SHCORE.dll
0x00007ffe498d0000 - 0x00007ffe49925000 	C:\Windows\System32\shlwapi.dll
0x00007ffe47750000 - 0x00007ffe4776f000 	C:\Windows\SYSTEM32\profapi.dll
0x00007ffe1a460000 - 0x00007ffe1a479000 	C:\Program Files\Java\jdk-11.0.16\bin\net.dll
0x00007ffe3fd20000 - 0x00007ffe3fe2c000 	C:\Windows\SYSTEM32\WINHTTP.dll
0x00007ffe46e90000 - 0x00007ffe46efa000 	C:\Windows\System32\KERNEL32.DLL
0x00007ffe1a440000 - 0x00007ffe1a452000 	C:\Windows\System32\msvcrt.dll
0x0000000069ac0000 - 0x0000000069ae4000 	C:\Windows\System32\win32u.dll

dbghelp: loaded successfully - version: 4.0.5 - missing functions: none
symbol engine: initialized successfully - sym options: 0x614 - pdb path: .;C:\Program Files\Java\jdk-11.0.16\bin;C:\Windows\SYSTEM32;C:\Windows\WinSxS\amd64_microsoft.windows.common-controls_6595b64144ccf1df_6.0.19041.1110_none_60b5254171f9507e;C:\Program Files\Java\jdk-11.0.16\bin\server;C:\Users\sfjbs\Downloads\micro service-20221125T023524Z-001\micro service\apache-maven-3.8.5-bin\apache-maven-3.8.5\lib\jansi-native\Windows\x86_64

VM Arguments:
jvm_args: -Dclassworlds.conf=C:\Users\sfjbs\Downloads\micro service-20221125T023524Z-001\micro service\apache-maven-3.8.5-bin\apache-maven-3.8.5\bin\m2.conf -Dmaven.home=C:\Users\sfjbs\Downloads\micro service-20221125T023524Z-001\micro service\apache-maven-3.8.5-bin\apache-maven-3.8.5 -Dlibrary.jansi.path=C:\Users\sfjbs\Downloads\micro service-20221125T023524Z-001\micro service\apache-maven-3.8.5-bin\apache-maven-3.8.5\lib\jansi-native -Dmaven.multiModuleProjectDirectory=C:\Users\sfjbs\Netaji\Day4\spring-boot-app 
java_command: org.codehaus.plexus.classworlds.launcher.Launcher install
java_class_path (initial): C:\Users\sfjbs\Downloads\micro service-20221125T023524Z-001\micro service\apache-maven-3.8.5-bin\apache-maven-3.8.5\boot\plexus-classworlds-2.6.0.jar
Launcher Type: SUN_STANDARD

[Global flags]
     intx CICompilerCount                          = 2                                         {product} {ergonomic}
     uint ConcGCThreads                            = 1                                         {product} {ergonomic}
     uint G1ConcRefinementThreads                  = 2                                         {product} {ergonomic}
   size_t G1HeapRegionSize                         = 1048576                                   {product} {ergonomic}
    uintx GCDrainStackTargetSize                   = 64                                        {product} {ergonomic}
   size_t InitialHeapSize                          = 134217728                                 {product} {ergonomic}
   size_t MarkStackSize                            = 4194304                                   {product} {ergonomic}
   size_t MaxHeapSize                              = 2147483648                                {product} {ergonomic}
   size_t MaxNewSize                               = 1287651328                                {product} {ergonomic}
   size_t MinHeapDeltaBytes                        = 1048576                                   {product} {ergonomic}
    uintx NonNMethodCodeHeapSize                   = 5825164                                {pd product} {ergonomic}
    uintx NonProfiledCodeHeapSize                  = 122916538                              {pd product} {ergonomic}
    uintx ProfiledCodeHeapSize                     = 122916538                              {pd product} {ergonomic}
    uintx ReservedCodeCacheSize                    = 251658240                              {pd product} {ergonomic}
     bool SegmentedCodeCache                       = true                                      {product} {ergonomic}
     bool UseCompressedClassPointers               = true                                 {lp64_product} {ergonomic}
     bool UseCompressedOops                        = true                                 {lp64_product} {ergonomic}
     bool UseG1GC                                  = true                                      {product} {ergonomic}
     bool UseLargePagesIndividualAllocation        = false                                  {pd product} {ergonomic}

Logging:
Log output configuration:
 #0: stdout all=warning uptime,level,tags
 #1: stderr all=off uptime,level,tags

Environment Variables:
PATH=C:\Program Files\Common Files\Oracle\Java\javapath;C:\Windows\system32;C:\Windows;C:\Windows\System32\Wbem;C:\Windows\System32\WindowsPowerShell\v1.0\;C:\Windows\System32\OpenSSH\;C:\Users\sfjbs\Downloads\micro service-20221125T023524Z-001\micro service\apache-maven-3.8.5-bin\apache-maven-3.8.5\bin;C:\Users\sfjbs\Downloads\micro service-20221125T023524Z-001\micro service\apache-maven-3.8.5-bin\apache-maven-3.8.5\lib;C:\Program Files\Git\cmd;C:\Program Files\Docker\Docker\resources\bin;C:\ProgramData\DockerDesktop\version-bin;C:\Users\sfjbs\AppData\Local\Microsoft\WindowsApps;C:\Program Files\JetBrains\IntelliJ IDEA Community Edition 2022.2.1\bin;;C:\Users\sfjbs\Downloads\micro service-20221125T023524Z-001\micro service\apache-maven-3.8.5-bin\apache-maven-3.8.5\bin;C:\Users\sfjbs\Downloads\micro service-20221125T023524Z-001\micro service\apache-maven-3.8.5-bin\apache-maven-3.8.5\lib;
USERNAME=sfjbs
OS=Windows_NT
PROCESSOR_IDENTIFIER=Intel64 Family 6 Model 85 Stepping 7, GenuineIntel



---------------  S Y S T E M  ---------------

OS: Windows 10 , 64 bit Build 19041 (10.0.19041.2251)
Hyper-V role detected

CPU:total 2 (initial active 2) (1 cores per cpu, 2 threads per core) family 6 model 85 stepping 7 microcode 0xffffffff, cmov, cx8, fxsr, mmx, sse, sse2, sse3, ssse3, sse4.1, sse4.2, popcnt, avx, avx2, aes, clmul, erms, rtm, 3dnowpref, lzcnt, ht, tsc, bmi1, bmi2, adx, evex, fma

Memory: 4k page, system-wide physical 8190M (1325M free)
TotalPageFile size 10238M (AvailPageFile size 11M)
current process WorkingSet (physical memory assigned to process): 209M, peak: 209M
current process commit charge ("private bytes"): 293M, peak: 295M

vm_info: Java HotSpot(TM) 64-Bit Server VM (11.0.16+11-LTS-199) for windows-amd64 JRE (11.0.16+11-LTS-199), built on Jun 28 2022 08:23:17 by "mach5one" with MS VC++ 15.9 (VS2017)

END.
